0 info it worked if it ends with ok
1 verbose cli [ 'C:\\Program Files\\nodejs\\node.exe',
1 verbose cli   'C:\\Program Files\\nodejs\\node_modules\\npm\\bin\\npm-cli.js',
1 verbose cli   'run-script',
1 verbose cli   'build-dev' ]
2 info using npm@3.10.8
3 info using node@v7.0.0
4 verbose run-script [ 'prebuild-dev', 'build-dev', 'postbuild-dev' ]
5 info lifecycle DiagramJS@0.0.3~prebuild-dev: DiagramJS@0.0.3
6 silly lifecycle DiagramJS@0.0.3~prebuild-dev: no script for prebuild-dev, continuing
7 info lifecycle DiagramJS@0.0.3~build-dev: DiagramJS@0.0.3
8 verbose lifecycle DiagramJS@0.0.3~build-dev: unsafe-perm in lifecycle true
9 verbose lifecycle DiagramJS@0.0.3~build-dev: PATH: C:\Program Files\nodejs\node_modules\npm\bin\node-gyp-bin;C:\Users\alexw\git\DiagramJS\node_modules\.bin;C:\Program Files\Docker\Docker\Resources\bin;C:\ProgramData\Oracle\Java\javapath;C:\Program Files\Haskell\bin;C:\Program Files\Haskell Platform\7.10.3\lib\extralibs\bin;C:\Program Files\Haskell Platform\7.10.3\bin;C:\Program Files (x86)\Intel\iCLS Client\;C:\Program Files\Intel\iCLS Client\;C:\WINDOWS\system32;C:\WINDOWS;C:\WINDOWS\System32\Wbem;C:\WINDOWS\System32\WindowsPowerShell\v1.0\;C:\Program Files (x86)\Intel\Intel(R) Management Engine Components\DAL;C:\Program Files\Intel\Intel(R) Management Engine Components\DAL;C:\Program Files (x86)\Intel\Intel(R) Management Engine Components\IPT;C:\Program Files\Intel\Intel(R) Management Engine Components\IPT;C:\Program Files\Git\cmd;C:\Program Files (x86)\Skype\Phone\;C:\Program Files\Haskell Platform\7.10.3\mingw\bin;C:\Program Files\Microsoft SQL Server\120\Tools\Binn\;C:\Program Files\Microsoft SQL Server\130\Tools\Binn\;C:\Program Files (x86)\Windows Kits\8.1\Windows Performance Toolkit\;C:\Program Files (x86)\PuTTY\;C:\Program Files (x86)\MySQL\MySQL Fabric 1.5 & MySQL Utilities 1.5\;C:\Program Files (x86)\MySQL\MySQL Fabric 1.5 & MySQL Utilities 1.5\Doctrine extensions for PHP\;C:\Program Files\Intel\WiFi\bin\;C:\Program Files\Common Files\Intel\WirelessCommon\;C:\Program Files\Microsoft\Web Platform Installer\;C:\Program Files\dotnet\;C:\Program Files\nodejs\;C:\Users\alexw\AppData\Roaming\cabal\bin;C:\Program Files\Java\jdk1.8.0_92/bin;C:\Program Files\gradle-2.13/bin;C:\Users\alexw\AppData\Local\Microsoft\WindowsApps;C:\Users\alexw\AppData\Roaming\npm
10 verbose lifecycle DiagramJS@0.0.3~build-dev: CWD: C:\Users\alexw\git\DiagramJS
11 silly lifecycle DiagramJS@0.0.3~build-dev: Args: [ '/d /s /c', 'tsc && rollup -m -c || true' ]
12 silly lifecycle DiagramJS@0.0.3~build-dev: Returned: code: 1  signal: null
13 info lifecycle DiagramJS@0.0.3~build-dev: Failed to exec build-dev script
14 verbose stack Error: DiagramJS@0.0.3 build-dev: `tsc && rollup -m -c || true`
14 verbose stack Exit status 1
14 verbose stack     at EventEmitter.<anonymous> (C:\Program Files\nodejs\node_modules\npm\lib\utils\lifecycle.js:255:16)
14 verbose stack     at emitTwo (events.js:106:13)
14 verbose stack     at EventEmitter.emit (events.js:191:7)
14 verbose stack     at ChildProcess.<anonymous> (C:\Program Files\nodejs\node_modules\npm\lib\utils\spawn.js:40:14)
14 verbose stack     at emitTwo (events.js:106:13)
14 verbose stack     at ChildProcess.emit (events.js:191:7)
14 verbose stack     at maybeClose (internal/child_process.js:877:16)
14 verbose stack     at Process.ChildProcess._handle.onexit (internal/child_process.js:226:5)
15 verbose pkgid DiagramJS@0.0.3
16 verbose cwd C:\Users\alexw\git\DiagramJS
17 error Windows_NT 10.0.14393
18 error argv "C:\\Program Files\\nodejs\\node.exe" "C:\\Program Files\\nodejs\\node_modules\\npm\\bin\\npm-cli.js" "run-script" "build-dev"
19 error node v7.0.0
20 error npm  v3.10.8
21 error code ELIFECYCLE
22 error DiagramJS@0.0.3 build-dev: `tsc && rollup -m -c || true`
22 error Exit status 1
23 error Failed at the DiagramJS@0.0.3 build-dev script 'tsc && rollup -m -c || true'.
23 error Make sure you have the latest version of node.js and npm installed.
23 error If you do, this is most likely a problem with the DiagramJS package,
23 error not with npm itself.
23 error Tell the author that this fails on your system:
23 error     tsc && rollup -m -c || true
23 error You can get information on how to open an issue for this project with:
23 error     npm bugs DiagramJS
23 error Or if that isn't available, you can get their info via:
23 error     npm owner ls DiagramJS
23 error There is likely additional logging output above.
24 verbose exit [ 1, true ]
